The system is: Darwin - 24.1.0 - arm64
Compiling the C compiler identification source file "CMakeCCompilerId.c" succeeded.
Compiler: /opt/miniconda3/envs/game101/bin/arm64-apple-darwin20.0.0-clang 
Build flags: -ftree-vectorize;-fPIC;-fstack-protector-strong;-O2;-pipe;-isystem;/opt/miniconda3/envs/game101/include
Id flags:  

The output was:
0


Compilation of the C compiler identification source "CMakeCCompilerId.c" produced "a.out"

The C compiler identification is Clang, found in "/Users/charlie/Documents/CharlieCode/GAMES101/Assignment1/代码框架/build/CMakeFiles/3.19.4/CompilerIdC/a.out"

Compiling the CXX compiler identification source file "CMakeCXXCompilerId.cpp" succeeded.
Compiler: /opt/miniconda3/envs/game101/bin/arm64-apple-darwin20.0.0-clang++ 
Build flags: -ftree-vectorize;-fPIC;-fstack-protector-strong;-O2;-pipe;-stdlib=libc++;-fvisibility-inlines-hidden;-fmessage-length=0;-isystem;/opt/miniconda3/envs/game101/include
Id flags:  

The output was:
0


Compilation of the CXX compiler identification source "CMakeCXXCompilerId.cpp" produced "a.out"

The CXX compiler identification is Clang, found in "/Users/charlie/Documents/CharlieCode/GAMES101/Assignment1/代码框架/build/CMakeFiles/3.19.4/CompilerIdCXX/a.out"

Detecting C compiler ABI info compiled with the following output:
Change Dir: /Users/charlie/Documents/CharlieCode/GAMES101/Assignment1/代码框架/build/CMakeFiles/CMakeTmp

Run Build Command(s):/opt/miniconda3/envs/game101/bin/make cmTC_b5ded/fast && /opt/miniconda3/envs/game101/bin/make  -f CMakeFiles/cmTC_b5ded.dir/build.make CMakeFiles/cmTC_b5ded.dir/build
make[1]: Entering directory '/Users/charlie/Documents/CharlieCode/GAMES101/Assignment1/代码框架/build/CMakeFiles/CMakeTmp'
Building C object CMakeFiles/cmTC_b5ded.dir/CMakeCCompilerABI.c.o
/opt/miniconda3/envs/game101/bin/arm64-apple-darwin20.0.0-clang   -ftree-vectorize -fPIC -fstack-protector-strong -O2 -pipe -isystem /opt/miniconda3/envs/game101/include  -arch arm64 -isysroot /Library/Developer/CommandLineTools/SDKs/MacOSX.sdk   -v -Wl,-v -o CMakeFiles/cmTC_b5ded.dir/CMakeCCompilerABI.c.o -c /opt/miniconda3/envs/game101/share/cmake-3.19/Modules/CMakeCCompilerABI.c
clang version 18.1.7
Target: arm64-apple-darwin20.0.0
Thread model: posix
InstalledDir: /opt/miniconda3/envs/game101/bin
arm64-apple-darwin20.0: warning: -Wl,-v: 'linker' input unused [-Wunused-command-line-argument]
 (in-process)
 "/opt/miniconda3/envs/game101/bin/clang-18" -cc1 -triple arm64-apple-macosx15.0.0 -Wundef-prefix=TARGET_OS_ -Werror=undef-prefix -Wdeprecated-objc-isa-usage -Werror=deprecated-objc-isa-usage -emit-obj -disable-free -clear-ast-before-backend -disable-llvm-verifier -discard-value-names -main-file-name CMakeCCompilerABI.c -mrelocation-model pic -pic-level 2 -pic-is-pie -mframe-pointer=non-leaf -ffp-contract=on -fno-rounding-math -funwind-tables=1 -target-sdk-version=15.2 -fcompatibility-qualified-id-block-type-checking -fvisibility-inlines-hidden-static-local-var -fbuiltin-headers-in-system-modules -fdefine-target-os-macros -target-cpu apple-m1 -target-feature +zcm -target-feature +zcz -target-feature +v8.5a -target-feature +aes -target-feature +crc -target-feature +dotprod -target-feature +complxnum -target-feature +fp-armv8 -target-feature +fullfp16 -target-feature +fp16fml -target-feature +jsconv -target-feature +lse -target-feature +pauth -target-feature +ras -target-feature +rcpc -target-feature +rdm -target-feature +sha2 -target-feature +sha3 -target-feature +neon -target-abi darwinpcs -debugger-tuning=lldb -fdebug-compilation-dir=/Users/charlie/Documents/CharlieCode/GAMES101/Assignment1/代码框架/build/CMakeFiles/CMakeTmp -target-linker-version 711 -v -fcoverage-compilation-dir=/Users/charlie/Documents/CharlieCode/GAMES101/Assignment1/代码框架/build/CMakeFiles/CMakeTmp -resource-dir /opt/miniconda3/envs/game101/lib/clang/18 -isystem /opt/miniconda3/envs/game101/include -isysroot /Library/Developer/CommandLineTools/SDKs/MacOSX.sdk -internal-isystem /Library/Developer/CommandLineTools/SDKs/MacOSX.sdk/usr/local/include -internal-isystem /opt/miniconda3/envs/game101/lib/clang/18/include -internal-externc-isystem /Library/Developer/CommandLineTools/SDKs/MacOSX.sdk/usr/include -O2 -ferror-limit 19 -stack-protector 2 -fblocks -fencode-extended-block-signature -fregister-global-dtors-with-atexit -fgnuc-version=4.2.1 -fskip-odr-check-in-gmf -fmax-type-align=16 -vectorize-loops -vectorize-slp -D__GCC_HAVE_DWARF2_CFI_ASM=1 -o CMakeFiles/cmTC_b5ded.dir/CMakeCCompilerABI.c.o -x c /opt/miniconda3/envs/game101/share/cmake-3.19/Modules/CMakeCCompilerABI.c
clang -cc1 version 18.1.7 based upon LLVM 18.1.7 default target arm64-apple-darwin24.1.0
ignoring nonexistent directory "/Library/Developer/CommandLineTools/SDKs/MacOSX.sdk/usr/local/include"
ignoring nonexistent directory "/Library/Developer/CommandLineTools/SDKs/MacOSX.sdk/Library/Frameworks"
#include "..." search starts here:
#include <...> search starts here:
 /opt/miniconda3/envs/game101/include
 /opt/miniconda3/envs/game101/lib/clang/18/include
 /Library/Developer/CommandLineTools/SDKs/MacOSX.sdk/usr/include
 /Library/Developer/CommandLineTools/SDKs/MacOSX.sdk/System/Library/Frameworks (framework directory)
End of search list.
Linking C executable cmTC_b5ded
/opt/miniconda3/envs/game101/bin/cmake -E cmake_link_script CMakeFiles/cmTC_b5ded.dir/link.txt --verbose=1
/opt/miniconda3/envs/game101/bin/arm64-apple-darwin20.0.0-clang -ftree-vectorize -fPIC -fstack-protector-strong -O2 -pipe -isystem /opt/miniconda3/envs/game101/include  -arch arm64 -isysroot /Library/Developer/CommandLineTools/SDKs/MacOSX.sdk -Wl,-search_paths_first -Wl,-headerpad_max_install_names -Wl,-headerpad_max_install_names -Wl,-dead_strip_dylibs -Wl,-rpath,/opt/miniconda3/envs/game101/lib -L/opt/miniconda3/envs/game101/lib -v -Wl,-v CMakeFiles/cmTC_b5ded.dir/CMakeCCompilerABI.c.o -o cmTC_b5ded 
clang version 18.1.7
Target: arm64-apple-darwin20.0.0
Thread model: posix
InstalledDir: /opt/miniconda3/envs/game101/bin
 "/opt/miniconda3/envs/game101/bin/arm64-apple-darwin20.0.0-ld" -demangle -lto_library /opt/miniconda3/envs/game101/lib/libLTO.18.1.dylib -dynamic -arch arm64 -platform_version macos 15.0.0 15.2 -syslibroot /Library/Developer/CommandLineTools/SDKs/MacOSX.sdk -mllvm -enable-linkonceodr-outlining -o cmTC_b5ded -L/opt/miniconda3/envs/game101/lib -search_paths_first -headerpad_max_install_names -headerpad_max_install_names -dead_strip_dylibs -rpath /opt/miniconda3/envs/game101/lib -v CMakeFiles/cmTC_b5ded.dir/CMakeCCompilerABI.c.o -lSystem /opt/miniconda3/envs/game101/lib/clang/18/lib/darwin/libclang_rt.osx.a
@(#)PROGRAM:ld  PROJECT:ld64-711
BUILD 06:31:17 Mar 15 2024
configured to support archs: armv6 armv7 armv7s arm64 arm64e arm64_32 i386 x86_64 x86_64h armv6m armv7k armv7m armv7em (tvOS)
Library search paths:
	/opt/miniconda3/envs/game101/lib
	/Library/Developer/CommandLineTools/SDKs/MacOSX.sdk/usr/lib
Framework search paths:
	/Library/Developer/CommandLineTools/SDKs/MacOSX.sdk/System/Library/Frameworks/
make[1]: Leaving directory '/Users/charlie/Documents/CharlieCode/GAMES101/Assignment1/代码框架/build/CMakeFiles/CMakeTmp'



Parsed C implicit include dir info from above output: rv=done
  found start of include info
  found start of implicit include info
    add: [/opt/miniconda3/envs/game101/include]
    add: [/opt/miniconda3/envs/game101/lib/clang/18/include]
    add: [/Library/Developer/CommandLineTools/SDKs/MacOSX.sdk/usr/include]
  end of search list found
  collapse include dir [/opt/miniconda3/envs/game101/include] ==> [/opt/miniconda3/envs/game101/include]
  collapse include dir [/opt/miniconda3/envs/game101/lib/clang/18/include] ==> [/opt/miniconda3/envs/game101/lib/clang/18/include]
  collapse include dir [/Library/Developer/CommandLineTools/SDKs/MacOSX.sdk/usr/include] ==> [/Library/Developer/CommandLineTools/SDKs/MacOSX.sdk/usr/include]
  implicit include dirs: [/opt/miniconda3/envs/game101/include;/opt/miniconda3/envs/game101/lib/clang/18/include;/Library/Developer/CommandLineTools/SDKs/MacOSX.sdk/usr/include]


Parsed C implicit link information from above output:
  link line regex: [^( *|.*[/\])(arm64-apple-darwin20\.0\.0-ld|CMAKE_LINK_STARTFILE-NOTFOUND|([^/\]+-)?ld|collect2)[^/\]*( |$)]
  ignore line: [Change Dir: /Users/charlie/Documents/CharlieCode/GAMES101/Assignment1/代码框架/build/CMakeFiles/CMakeTmp]
  ignore line: []
  ignore line: [Run Build Command(s):/opt/miniconda3/envs/game101/bin/make cmTC_b5ded/fast && /opt/miniconda3/envs/game101/bin/make  -f CMakeFiles/cmTC_b5ded.dir/build.make CMakeFiles/cmTC_b5ded.dir/build]
  ignore line: [make[1]: Entering directory '/Users/charlie/Documents/CharlieCode/GAMES101/Assignment1/代码框架/build/CMakeFiles/CMakeTmp']
  ignore line: [Building C object CMakeFiles/cmTC_b5ded.dir/CMakeCCompilerABI.c.o]
  ignore line: [/opt/miniconda3/envs/game101/bin/arm64-apple-darwin20.0.0-clang   -ftree-vectorize -fPIC -fstack-protector-strong -O2 -pipe -isystem /opt/miniconda3/envs/game101/include  -arch arm64 -isysroot /Library/Developer/CommandLineTools/SDKs/MacOSX.sdk   -v -Wl -v -o CMakeFiles/cmTC_b5ded.dir/CMakeCCompilerABI.c.o -c /opt/miniconda3/envs/game101/share/cmake-3.19/Modules/CMakeCCompilerABI.c]
  ignore line: [clang version 18.1.7]
  ignore line: [Target: arm64-apple-darwin20.0.0]
  ignore line: [Thread model: posix]
  ignore line: [InstalledDir: /opt/miniconda3/envs/game101/bin]
  ignore line: [arm64-apple-darwin20.0: warning: -Wl -v: 'linker' input unused [-Wunused-command-line-argument]]
  ignore line: [ (in-process)]
  ignore line: [ "/opt/miniconda3/envs/game101/bin/clang-18" -cc1 -triple arm64-apple-macosx15.0.0 -Wundef-prefix=TARGET_OS_ -Werror=undef-prefix -Wdeprecated-objc-isa-usage -Werror=deprecated-objc-isa-usage -emit-obj -disable-free -clear-ast-before-backend -disable-llvm-verifier -discard-value-names -main-file-name CMakeCCompilerABI.c -mrelocation-model pic -pic-level 2 -pic-is-pie -mframe-pointer=non-leaf -ffp-contract=on -fno-rounding-math -funwind-tables=1 -target-sdk-version=15.2 -fcompatibility-qualified-id-block-type-checking -fvisibility-inlines-hidden-static-local-var -fbuiltin-headers-in-system-modules -fdefine-target-os-macros -target-cpu apple-m1 -target-feature +zcm -target-feature +zcz -target-feature +v8.5a -target-feature +aes -target-feature +crc -target-feature +dotprod -target-feature +complxnum -target-feature +fp-armv8 -target-feature +fullfp16 -target-feature +fp16fml -target-feature +jsconv -target-feature +lse -target-feature +pauth -target-feature +ras -target-feature +rcpc -target-feature +rdm -target-feature +sha2 -target-feature +sha3 -target-feature +neon -target-abi darwinpcs -debugger-tuning=lldb -fdebug-compilation-dir=/Users/charlie/Documents/CharlieCode/GAMES101/Assignment1/代码框架/build/CMakeFiles/CMakeTmp -target-linker-version 711 -v -fcoverage-compilation-dir=/Users/charlie/Documents/CharlieCode/GAMES101/Assignment1/代码框架/build/CMakeFiles/CMakeTmp -resource-dir /opt/miniconda3/envs/game101/lib/clang/18 -isystem /opt/miniconda3/envs/game101/include -isysroot /Library/Developer/CommandLineTools/SDKs/MacOSX.sdk -internal-isystem /Library/Developer/CommandLineTools/SDKs/MacOSX.sdk/usr/local/include -internal-isystem /opt/miniconda3/envs/game101/lib/clang/18/include -internal-externc-isystem /Library/Developer/CommandLineTools/SDKs/MacOSX.sdk/usr/include -O2 -ferror-limit 19 -stack-protector 2 -fblocks -fencode-extended-block-signature -fregister-global-dtors-with-atexit -fgnuc-version=4.2.1 -fskip-odr-check-in-gmf -fmax-type-align=16 -vectorize-loops -vectorize-slp -D__GCC_HAVE_DWARF2_CFI_ASM=1 -o CMakeFiles/cmTC_b5ded.dir/CMakeCCompilerABI.c.o -x c /opt/miniconda3/envs/game101/share/cmake-3.19/Modules/CMakeCCompilerABI.c]
  ignore line: [clang -cc1 version 18.1.7 based upon LLVM 18.1.7 default target arm64-apple-darwin24.1.0]
  ignore line: [ignoring nonexistent directory "/Library/Developer/CommandLineTools/SDKs/MacOSX.sdk/usr/local/include"]
  ignore line: [ignoring nonexistent directory "/Library/Developer/CommandLineTools/SDKs/MacOSX.sdk/Library/Frameworks"]
  ignore line: [#include "..." search starts here:]
  ignore line: [#include <...> search starts here:]
  ignore line: [ /opt/miniconda3/envs/game101/include]
  ignore line: [ /opt/miniconda3/envs/game101/lib/clang/18/include]
  ignore line: [ /Library/Developer/CommandLineTools/SDKs/MacOSX.sdk/usr/include]
  ignore line: [ /Library/Developer/CommandLineTools/SDKs/MacOSX.sdk/System/Library/Frameworks (framework directory)]
  ignore line: [End of search list.]
  ignore line: [Linking C executable cmTC_b5ded]
  ignore line: [/opt/miniconda3/envs/game101/bin/cmake -E cmake_link_script CMakeFiles/cmTC_b5ded.dir/link.txt --verbose=1]
  ignore line: [/opt/miniconda3/envs/game101/bin/arm64-apple-darwin20.0.0-clang -ftree-vectorize -fPIC -fstack-protector-strong -O2 -pipe -isystem /opt/miniconda3/envs/game101/include  -arch arm64 -isysroot /Library/Developer/CommandLineTools/SDKs/MacOSX.sdk -Wl -search_paths_first -Wl -headerpad_max_install_names -Wl -headerpad_max_install_names -Wl -dead_strip_dylibs -Wl -rpath /opt/miniconda3/envs/game101/lib -L/opt/miniconda3/envs/game101/lib -v -Wl -v CMakeFiles/cmTC_b5ded.dir/CMakeCCompilerABI.c.o -o cmTC_b5ded ]
  ignore line: [clang version 18.1.7]
  ignore line: [Target: arm64-apple-darwin20.0.0]
  ignore line: [Thread model: posix]
  ignore line: [InstalledDir: /opt/miniconda3/envs/game101/bin]
  link line: [ "/opt/miniconda3/envs/game101/bin/arm64-apple-darwin20.0.0-ld" -demangle -lto_library /opt/miniconda3/envs/game101/lib/libLTO.18.1.dylib -dynamic -arch arm64 -platform_version macos 15.0.0 15.2 -syslibroot /Library/Developer/CommandLineTools/SDKs/MacOSX.sdk -mllvm -enable-linkonceodr-outlining -o cmTC_b5ded -L/opt/miniconda3/envs/game101/lib -search_paths_first -headerpad_max_install_names -headerpad_max_install_names -dead_strip_dylibs -rpath /opt/miniconda3/envs/game101/lib -v CMakeFiles/cmTC_b5ded.dir/CMakeCCompilerABI.c.o -lSystem /opt/miniconda3/envs/game101/lib/clang/18/lib/darwin/libclang_rt.osx.a]
    arg [/opt/miniconda3/envs/game101/bin/arm64-apple-darwin20.0.0-ld] ==> ignore
    arg [-demangle] ==> ignore
    arg [-lto_library] ==> ignore, skip following value
    arg [/opt/miniconda3/envs/game101/lib/libLTO.18.1.dylib] ==> skip value of -lto_library
    arg [-dynamic] ==> ignore
    arg [-arch] ==> ignore
    arg [arm64] ==> ignore
    arg [-platform_version] ==> ignore
    arg [macos] ==> ignore
    arg [15.0.0] ==> ignore
    arg [15.2] ==> ignore
    arg [-syslibroot] ==> ignore
    arg [/Library/Developer/CommandLineTools/SDKs/MacOSX.sdk] ==> ignore
    arg [-mllvm] ==> ignore
    arg [-enable-linkonceodr-outlining] ==> ignore
    arg [-o] ==> ignore
    arg [cmTC_b5ded] ==> ignore
    arg [-L/opt/miniconda3/envs/game101/lib] ==> dir [/opt/miniconda3/envs/game101/lib]
    arg [-search_paths_first] ==> ignore
    arg [-headerpad_max_install_names] ==> ignore
    arg [-headerpad_max_install_names] ==> ignore
    arg [-dead_strip_dylibs] ==> ignore
    arg [-rpath] ==> ignore
    arg [/opt/miniconda3/envs/game101/lib] ==> ignore
    arg [-v] ==> ignore
    arg [CMakeFiles/cmTC_b5ded.dir/CMakeCCompilerABI.c.o] ==> ignore
    arg [-lSystem] ==> lib [System]
    arg [/opt/miniconda3/envs/game101/lib/clang/18/lib/darwin/libclang_rt.osx.a] ==> lib [/opt/miniconda3/envs/game101/lib/clang/18/lib/darwin/libclang_rt.osx.a]
  Library search paths: [;/opt/miniconda3/envs/game101/lib;/Library/Developer/CommandLineTools/SDKs/MacOSX.sdk/usr/lib]
  Framework search paths: [;/Library/Developer/CommandLineTools/SDKs/MacOSX.sdk/System/Library/Frameworks/]
  remove lib [System]
  remove lib [/opt/miniconda3/envs/game101/lib/clang/18/lib/darwin/libclang_rt.osx.a]
  collapse library dir [/opt/miniconda3/envs/game101/lib] ==> [/opt/miniconda3/envs/game101/lib]
  collapse library dir [/opt/miniconda3/envs/game101/lib] ==> [/opt/miniconda3/envs/game101/lib]
  collapse library dir [/Library/Developer/CommandLineTools/SDKs/MacOSX.sdk/usr/lib] ==> [/Library/Developer/CommandLineTools/SDKs/MacOSX.sdk/usr/lib]
  collapse framework dir [/Library/Developer/CommandLineTools/SDKs/MacOSX.sdk/System/Library/Frameworks/] ==> [/Library/Developer/CommandLineTools/SDKs/MacOSX.sdk/System/Library/Frameworks]
  implicit libs: []
  implicit dirs: [/opt/miniconda3/envs/game101/lib;/Library/Developer/CommandLineTools/SDKs/MacOSX.sdk/usr/lib]
  implicit fwks: [/Library/Developer/CommandLineTools/SDKs/MacOSX.sdk/System/Library/Frameworks]


Detecting CXX compiler ABI info compiled with the following output:
Change Dir: /Users/charlie/Documents/CharlieCode/GAMES101/Assignment1/代码框架/build/CMakeFiles/CMakeTmp

Run Build Command(s):/opt/miniconda3/envs/game101/bin/make cmTC_f1fe5/fast && /opt/miniconda3/envs/game101/bin/make  -f CMakeFiles/cmTC_f1fe5.dir/build.make CMakeFiles/cmTC_f1fe5.dir/build
make[1]: Entering directory '/Users/charlie/Documents/CharlieCode/GAMES101/Assignment1/代码框架/build/CMakeFiles/CMakeTmp'
Building CXX object CMakeFiles/cmTC_f1fe5.dir/CMakeCXXCompilerABI.cpp.o
/opt/miniconda3/envs/game101/bin/arm64-apple-darwin20.0.0-clang++   -ftree-vectorize -fPIC -fstack-protector-strong -O2 -pipe -stdlib=libc++ -fvisibility-inlines-hidden -fmessage-length=0 -isystem /opt/miniconda3/envs/game101/include  -arch arm64 -isysroot /Library/Developer/CommandLineTools/SDKs/MacOSX.sdk   -v -Wl,-v -o CMakeFiles/cmTC_f1fe5.dir/CMakeCXXCompilerABI.cpp.o -c /opt/miniconda3/envs/game101/share/cmake-3.19/Modules/CMakeCXXCompilerABI.cpp
clang version 18.1.7
Target: arm64-apple-darwin20.0.0
Thread model: posix
InstalledDir: /opt/miniconda3/envs/game101/bin
arm64-apple-darwin20.0: warning: -Wl,-v: 'linker' input unused [-Wunused-command-line-argument]
 (in-process)
 "/opt/miniconda3/envs/game101/bin/clang-18" -cc1 -triple arm64-apple-macosx15.0.0 -Wundef-prefix=TARGET_OS_ -Werror=undef-prefix -Wdeprecated-objc-isa-usage -Werror=deprecated-objc-isa-usage -emit-obj -disable-free -clear-ast-before-backend -disable-llvm-verifier -discard-value-names -main-file-name CMakeCXXCompilerABI.cpp -mrelocation-model pic -pic-level 2 -pic-is-pie -mframe-pointer=non-leaf -ffp-contract=on -fno-rounding-math -funwind-tables=1 -target-sdk-version=15.2 -fcompatibility-qualified-id-block-type-checking -fvisibility-inlines-hidden-static-local-var -fbuiltin-headers-in-system-modules -fdefine-target-os-macros -target-cpu apple-m1 -target-feature +zcm -target-feature +zcz -target-feature +v8.5a -target-feature +aes -target-feature +crc -target-feature +dotprod -target-feature +complxnum -target-feature +fp-armv8 -target-feature +fullfp16 -target-feature +fp16fml -target-feature +jsconv -target-feature +lse -target-feature +pauth -target-feature +ras -target-feature +rcpc -target-feature +rdm -target-feature +sha2 -target-feature +sha3 -target-feature +neon -target-abi darwinpcs -debugger-tuning=lldb -fdebug-compilation-dir=/Users/charlie/Documents/CharlieCode/GAMES101/Assignment1/代码框架/build/CMakeFiles/CMakeTmp -target-linker-version 711 -v -fcoverage-compilation-dir=/Users/charlie/Documents/CharlieCode/GAMES101/Assignment1/代码框架/build/CMakeFiles/CMakeTmp -resource-dir /opt/miniconda3/envs/game101/lib/clang/18 -isystem /opt/miniconda3/envs/game101/include -isysroot /Library/Developer/CommandLineTools/SDKs/MacOSX.sdk -stdlib=libc++ -internal-isystem /opt/miniconda3/envs/game101/bin/../include/c++/v1 -internal-isystem /Library/Developer/CommandLineTools/SDKs/MacOSX.sdk/usr/local/include -internal-isystem /opt/miniconda3/envs/game101/lib/clang/18/include -internal-externc-isystem /Library/Developer/CommandLineTools/SDKs/MacOSX.sdk/usr/include -O2 -fdeprecated-macro -ferror-limit 19 -fvisibility-inlines-hidden -stack-protector 2 -fblocks -fencode-extended-block-signature -fregister-global-dtors-with-atexit -fgnuc-version=4.2.1 -fskip-odr-check-in-gmf -fcxx-exceptions -fexceptions -fmax-type-align=16 -vectorize-loops -vectorize-slp -D__GCC_HAVE_DWARF2_CFI_ASM=1 -o CMakeFiles/cmTC_f1fe5.dir/CMakeCXXCompilerABI.cpp.o -x c++ /opt/miniconda3/envs/game101/share/cmake-3.19/Modules/CMakeCXXCompilerABI.cpp
clang -cc1 version 18.1.7 based upon LLVM 18.1.7 default target arm64-apple-darwin24.1.0
ignoring nonexistent directory "/Library/Developer/CommandLineTools/SDKs/MacOSX.sdk/usr/local/include"
ignoring nonexistent directory "/Library/Developer/CommandLineTools/SDKs/MacOSX.sdk/Library/Frameworks"
#include "..." search starts here:
#include <...> search starts here:
 /opt/miniconda3/envs/game101/include
 /opt/miniconda3/envs/game101/bin/../include/c++/v1
 /opt/miniconda3/envs/game101/lib/clang/18/include
 /Library/Developer/CommandLineTools/SDKs/MacOSX.sdk/usr/include
 /Library/Developer/CommandLineTools/SDKs/MacOSX.sdk/System/Library/Frameworks (framework directory)
End of search list.
Linking CXX executable cmTC_f1fe5
/opt/miniconda3/envs/game101/bin/cmake -E cmake_link_script CMakeFiles/cmTC_f1fe5.dir/link.txt --verbose=1
/opt/miniconda3/envs/game101/bin/arm64-apple-darwin20.0.0-clang++ -ftree-vectorize -fPIC -fstack-protector-strong -O2 -pipe -stdlib=libc++ -fvisibility-inlines-hidden -fmessage-length=0 -isystem /opt/miniconda3/envs/game101/include  -arch arm64 -isysroot /Library/Developer/CommandLineTools/SDKs/MacOSX.sdk -Wl,-search_paths_first -Wl,-headerpad_max_install_names -Wl,-headerpad_max_install_names -Wl,-dead_strip_dylibs -Wl,-rpath,/opt/miniconda3/envs/game101/lib -L/opt/miniconda3/envs/game101/lib -v -Wl,-v CMakeFiles/cmTC_f1fe5.dir/CMakeCXXCompilerABI.cpp.o -o cmTC_f1fe5 
clang version 18.1.7
Target: arm64-apple-darwin20.0.0
Thread model: posix
InstalledDir: /opt/miniconda3/envs/game101/bin
 "/opt/miniconda3/envs/game101/bin/arm64-apple-darwin20.0.0-ld" -demangle -lto_library /opt/miniconda3/envs/game101/lib/libLTO.18.1.dylib -dynamic -arch arm64 -platform_version macos 15.0.0 15.2 -syslibroot /Library/Developer/CommandLineTools/SDKs/MacOSX.sdk -mllvm -enable-linkonceodr-outlining -o cmTC_f1fe5 -L/opt/miniconda3/envs/game101/lib -search_paths_first -headerpad_max_install_names -headerpad_max_install_names -dead_strip_dylibs -rpath /opt/miniconda3/envs/game101/lib -v CMakeFiles/cmTC_f1fe5.dir/CMakeCXXCompilerABI.cpp.o -lc++ -lSystem /opt/miniconda3/envs/game101/lib/clang/18/lib/darwin/libclang_rt.osx.a
@(#)PROGRAM:ld  PROJECT:ld64-711
BUILD 06:31:17 Mar 15 2024
configured to support archs: armv6 armv7 armv7s arm64 arm64e arm64_32 i386 x86_64 x86_64h armv6m armv7k armv7m armv7em (tvOS)
Library search paths:
	/opt/miniconda3/envs/game101/lib
	/Library/Developer/CommandLineTools/SDKs/MacOSX.sdk/usr/lib
Framework search paths:
	/Library/Developer/CommandLineTools/SDKs/MacOSX.sdk/System/Library/Frameworks/
make[1]: Leaving directory '/Users/charlie/Documents/CharlieCode/GAMES101/Assignment1/代码框架/build/CMakeFiles/CMakeTmp'



Parsed CXX implicit include dir info from above output: rv=done
  found start of include info
  found start of implicit include info
    add: [/opt/miniconda3/envs/game101/include]
    add: [/opt/miniconda3/envs/game101/bin/../include/c++/v1]
    add: [/opt/miniconda3/envs/game101/lib/clang/18/include]
    add: [/Library/Developer/CommandLineTools/SDKs/MacOSX.sdk/usr/include]
  end of search list found
  collapse include dir [/opt/miniconda3/envs/game101/include] ==> [/opt/miniconda3/envs/game101/include]
  collapse include dir [/opt/miniconda3/envs/game101/bin/../include/c++/v1] ==> [/opt/miniconda3/envs/game101/include/c++/v1]
  collapse include dir [/opt/miniconda3/envs/game101/lib/clang/18/include] ==> [/opt/miniconda3/envs/game101/lib/clang/18/include]
  collapse include dir [/Library/Developer/CommandLineTools/SDKs/MacOSX.sdk/usr/include] ==> [/Library/Developer/CommandLineTools/SDKs/MacOSX.sdk/usr/include]
  implicit include dirs: [/opt/miniconda3/envs/game101/include;/opt/miniconda3/envs/game101/include/c++/v1;/opt/miniconda3/envs/game101/lib/clang/18/include;/Library/Developer/CommandLineTools/SDKs/MacOSX.sdk/usr/include]


Parsed CXX implicit link information from above output:
  link line regex: [^( *|.*[/\])(arm64-apple-darwin20\.0\.0-ld|CMAKE_LINK_STARTFILE-NOTFOUND|([^/\]+-)?ld|collect2)[^/\]*( |$)]
  ignore line: [Change Dir: /Users/charlie/Documents/CharlieCode/GAMES101/Assignment1/代码框架/build/CMakeFiles/CMakeTmp]
  ignore line: []
  ignore line: [Run Build Command(s):/opt/miniconda3/envs/game101/bin/make cmTC_f1fe5/fast && /opt/miniconda3/envs/game101/bin/make  -f CMakeFiles/cmTC_f1fe5.dir/build.make CMakeFiles/cmTC_f1fe5.dir/build]
  ignore line: [make[1]: Entering directory '/Users/charlie/Documents/CharlieCode/GAMES101/Assignment1/代码框架/build/CMakeFiles/CMakeTmp']
  ignore line: [Building CXX object CMakeFiles/cmTC_f1fe5.dir/CMakeCXXCompilerABI.cpp.o]
  ignore line: [/opt/miniconda3/envs/game101/bin/arm64-apple-darwin20.0.0-clang++   -ftree-vectorize -fPIC -fstack-protector-strong -O2 -pipe -stdlib=libc++ -fvisibility-inlines-hidden -fmessage-length=0 -isystem /opt/miniconda3/envs/game101/include  -arch arm64 -isysroot /Library/Developer/CommandLineTools/SDKs/MacOSX.sdk   -v -Wl -v -o CMakeFiles/cmTC_f1fe5.dir/CMakeCXXCompilerABI.cpp.o -c /opt/miniconda3/envs/game101/share/cmake-3.19/Modules/CMakeCXXCompilerABI.cpp]
  ignore line: [clang version 18.1.7]
  ignore line: [Target: arm64-apple-darwin20.0.0]
  ignore line: [Thread model: posix]
  ignore line: [InstalledDir: /opt/miniconda3/envs/game101/bin]
  ignore line: [arm64-apple-darwin20.0: warning: -Wl -v: 'linker' input unused [-Wunused-command-line-argument]]
  ignore line: [ (in-process)]
  ignore line: [ "/opt/miniconda3/envs/game101/bin/clang-18" -cc1 -triple arm64-apple-macosx15.0.0 -Wundef-prefix=TARGET_OS_ -Werror=undef-prefix -Wdeprecated-objc-isa-usage -Werror=deprecated-objc-isa-usage -emit-obj -disable-free -clear-ast-before-backend -disable-llvm-verifier -discard-value-names -main-file-name CMakeCXXCompilerABI.cpp -mrelocation-model pic -pic-level 2 -pic-is-pie -mframe-pointer=non-leaf -ffp-contract=on -fno-rounding-math -funwind-tables=1 -target-sdk-version=15.2 -fcompatibility-qualified-id-block-type-checking -fvisibility-inlines-hidden-static-local-var -fbuiltin-headers-in-system-modules -fdefine-target-os-macros -target-cpu apple-m1 -target-feature +zcm -target-feature +zcz -target-feature +v8.5a -target-feature +aes -target-feature +crc -target-feature +dotprod -target-feature +complxnum -target-feature +fp-armv8 -target-feature +fullfp16 -target-feature +fp16fml -target-feature +jsconv -target-feature +lse -target-feature +pauth -target-feature +ras -target-feature +rcpc -target-feature +rdm -target-feature +sha2 -target-feature +sha3 -target-feature +neon -target-abi darwinpcs -debugger-tuning=lldb -fdebug-compilation-dir=/Users/charlie/Documents/CharlieCode/GAMES101/Assignment1/代码框架/build/CMakeFiles/CMakeTmp -target-linker-version 711 -v -fcoverage-compilation-dir=/Users/charlie/Documents/CharlieCode/GAMES101/Assignment1/代码框架/build/CMakeFiles/CMakeTmp -resource-dir /opt/miniconda3/envs/game101/lib/clang/18 -isystem /opt/miniconda3/envs/game101/include -isysroot /Library/Developer/CommandLineTools/SDKs/MacOSX.sdk -stdlib=libc++ -internal-isystem /opt/miniconda3/envs/game101/bin/../include/c++/v1 -internal-isystem /Library/Developer/CommandLineTools/SDKs/MacOSX.sdk/usr/local/include -internal-isystem /opt/miniconda3/envs/game101/lib/clang/18/include -internal-externc-isystem /Library/Developer/CommandLineTools/SDKs/MacOSX.sdk/usr/include -O2 -fdeprecated-macro -ferror-limit 19 -fvisibility-inlines-hidden -stack-protector 2 -fblocks -fencode-extended-block-signature -fregister-global-dtors-with-atexit -fgnuc-version=4.2.1 -fskip-odr-check-in-gmf -fcxx-exceptions -fexceptions -fmax-type-align=16 -vectorize-loops -vectorize-slp -D__GCC_HAVE_DWARF2_CFI_ASM=1 -o CMakeFiles/cmTC_f1fe5.dir/CMakeCXXCompilerABI.cpp.o -x c++ /opt/miniconda3/envs/game101/share/cmake-3.19/Modules/CMakeCXXCompilerABI.cpp]
  ignore line: [clang -cc1 version 18.1.7 based upon LLVM 18.1.7 default target arm64-apple-darwin24.1.0]
  ignore line: [ignoring nonexistent directory "/Library/Developer/CommandLineTools/SDKs/MacOSX.sdk/usr/local/include"]
  ignore line: [ignoring nonexistent directory "/Library/Developer/CommandLineTools/SDKs/MacOSX.sdk/Library/Frameworks"]
  ignore line: [#include "..." search starts here:]
  ignore line: [#include <...> search starts here:]
  ignore line: [ /opt/miniconda3/envs/game101/include]
  ignore line: [ /opt/miniconda3/envs/game101/bin/../include/c++/v1]
  ignore line: [ /opt/miniconda3/envs/game101/lib/clang/18/include]
  ignore line: [ /Library/Developer/CommandLineTools/SDKs/MacOSX.sdk/usr/include]
  ignore line: [ /Library/Developer/CommandLineTools/SDKs/MacOSX.sdk/System/Library/Frameworks (framework directory)]
  ignore line: [End of search list.]
  ignore line: [Linking CXX executable cmTC_f1fe5]
  ignore line: [/opt/miniconda3/envs/game101/bin/cmake -E cmake_link_script CMakeFiles/cmTC_f1fe5.dir/link.txt --verbose=1]
  ignore line: [/opt/miniconda3/envs/game101/bin/arm64-apple-darwin20.0.0-clang++ -ftree-vectorize -fPIC -fstack-protector-strong -O2 -pipe -stdlib=libc++ -fvisibility-inlines-hidden -fmessage-length=0 -isystem /opt/miniconda3/envs/game101/include  -arch arm64 -isysroot /Library/Developer/CommandLineTools/SDKs/MacOSX.sdk -Wl -search_paths_first -Wl -headerpad_max_install_names -Wl -headerpad_max_install_names -Wl -dead_strip_dylibs -Wl -rpath /opt/miniconda3/envs/game101/lib -L/opt/miniconda3/envs/game101/lib -v -Wl -v CMakeFiles/cmTC_f1fe5.dir/CMakeCXXCompilerABI.cpp.o -o cmTC_f1fe5 ]
  ignore line: [clang version 18.1.7]
  ignore line: [Target: arm64-apple-darwin20.0.0]
  ignore line: [Thread model: posix]
  ignore line: [InstalledDir: /opt/miniconda3/envs/game101/bin]
  link line: [ "/opt/miniconda3/envs/game101/bin/arm64-apple-darwin20.0.0-ld" -demangle -lto_library /opt/miniconda3/envs/game101/lib/libLTO.18.1.dylib -dynamic -arch arm64 -platform_version macos 15.0.0 15.2 -syslibroot /Library/Developer/CommandLineTools/SDKs/MacOSX.sdk -mllvm -enable-linkonceodr-outlining -o cmTC_f1fe5 -L/opt/miniconda3/envs/game101/lib -search_paths_first -headerpad_max_install_names -headerpad_max_install_names -dead_strip_dylibs -rpath /opt/miniconda3/envs/game101/lib -v CMakeFiles/cmTC_f1fe5.dir/CMakeCXXCompilerABI.cpp.o -lc++ -lSystem /opt/miniconda3/envs/game101/lib/clang/18/lib/darwin/libclang_rt.osx.a]
    arg [/opt/miniconda3/envs/game101/bin/arm64-apple-darwin20.0.0-ld] ==> ignore
    arg [-demangle] ==> ignore
    arg [-lto_library] ==> ignore, skip following value
    arg [/opt/miniconda3/envs/game101/lib/libLTO.18.1.dylib] ==> skip value of -lto_library
    arg [-dynamic] ==> ignore
    arg [-arch] ==> ignore
    arg [arm64] ==> ignore
    arg [-platform_version] ==> ignore
    arg [macos] ==> ignore
    arg [15.0.0] ==> ignore
    arg [15.2] ==> ignore
    arg [-syslibroot] ==> ignore
    arg [/Library/Developer/CommandLineTools/SDKs/MacOSX.sdk] ==> ignore
    arg [-mllvm] ==> ignore
    arg [-enable-linkonceodr-outlining] ==> ignore
    arg [-o] ==> ignore
    arg [cmTC_f1fe5] ==> ignore
    arg [-L/opt/miniconda3/envs/game101/lib] ==> dir [/opt/miniconda3/envs/game101/lib]
    arg [-search_paths_first] ==> ignore
    arg [-headerpad_max_install_names] ==> ignore
    arg [-headerpad_max_install_names] ==> ignore
    arg [-dead_strip_dylibs] ==> ignore
    arg [-rpath] ==> ignore
    arg [/opt/miniconda3/envs/game101/lib] ==> ignore
    arg [-v] ==> ignore
    arg [CMakeFiles/cmTC_f1fe5.dir/CMakeCXXCompilerABI.cpp.o] ==> ignore
    arg [-lc++] ==> lib [c++]
    arg [-lSystem] ==> lib [System]
    arg [/opt/miniconda3/envs/game101/lib/clang/18/lib/darwin/libclang_rt.osx.a] ==> lib [/opt/miniconda3/envs/game101/lib/clang/18/lib/darwin/libclang_rt.osx.a]
  Library search paths: [;/opt/miniconda3/envs/game101/lib;/Library/Developer/CommandLineTools/SDKs/MacOSX.sdk/usr/lib]
  Framework search paths: [;/Library/Developer/CommandLineTools/SDKs/MacOSX.sdk/System/Library/Frameworks/]
  remove lib [System]
  remove lib [/opt/miniconda3/envs/game101/lib/clang/18/lib/darwin/libclang_rt.osx.a]
  collapse library dir [/opt/miniconda3/envs/game101/lib] ==> [/opt/miniconda3/envs/game101/lib]
  collapse library dir [/opt/miniconda3/envs/game101/lib] ==> [/opt/miniconda3/envs/game101/lib]
  collapse library dir [/Library/Developer/CommandLineTools/SDKs/MacOSX.sdk/usr/lib] ==> [/Library/Developer/CommandLineTools/SDKs/MacOSX.sdk/usr/lib]
  collapse framework dir [/Library/Developer/CommandLineTools/SDKs/MacOSX.sdk/System/Library/Frameworks/] ==> [/Library/Developer/CommandLineTools/SDKs/MacOSX.sdk/System/Library/Frameworks]
  implicit libs: [c++]
  implicit dirs: [/opt/miniconda3/envs/game101/lib;/Library/Developer/CommandLineTools/SDKs/MacOSX.sdk/usr/lib]
  implicit fwks: [/Library/Developer/CommandLineTools/SDKs/MacOSX.sdk/System/Library/Frameworks]


